[01m[K/home/asus/Ros/robot_ws/src/robot_core/robot_drive_controller/src/odometry.cpp:57:20:[m[K [01;31m[Kerror: [m[Kno declaration matches â€˜[01m[Knav_msgs::Odometry robot_drive_controller::Odometry::getOdomMessage(std::string, std::string)[m[Kâ€™
   57 | nav_msgs::Odometry [01;31m[KOdometry[m[K::getOdomMessage(const std::string base_frame,
      |                    [01;31m[K^~~~~~~~[m[K
In file included from [01m[K/home/asus/Ros/robot_ws/src/robot_core/robot_drive_controller/src/odometry.cpp:1[m[K:
[01m[K/home/asus/Ros/robot_ws/src/robot_core/robot_drive_controller/include/robot_drive_controller/odometry.h:23:22:[m[K [01;36m[Knote: [m[Kcandidate is: â€˜[01m[Knav_msgs::Odometry robot_drive_controller::Odometry::getOdomMessage()[m[Kâ€™
   23 |   nav_msgs::Odometry [01;36m[KgetOdomMessage[m[K();
      |                      [01;36m[K^~~~~~~~~~~~~~[m[K
[01m[K/home/asus/Ros/robot_ws/src/robot_core/robot_drive_controller/include/robot_drive_controller/odometry.h:6:7:[m[K [01;36m[Knote: [m[Kâ€˜[01m[Kclass robot_drive_controller::Odometry[m[Kâ€™ defined here
    6 | class [01;36m[KOdometry[m[K {
      |       [01;36m[K^~~~~~~~[m[K
make[2]: *** [CMakeFiles/robot_drive_controller.dir/build.make:76: CMakeFiles/robot_drive_controller.dir/src/odometry.cpp.o] Error 1
make[2]: *** Waiting for unfinished jobs....
[01m[K/home/asus/Ros/robot_ws/src/robot_core/robot_drive_controller/src/robot_drive_controller.cpp:[m[K In member function â€˜[01m[Kvirtual void robot_drive_controller::RobotDriveController::update(const ros::Time&, const ros::Duration&)[m[Kâ€™:
[01m[K/home/asus/Ros/robot_ws/src/robot_core/robot_drive_controller/src/robot_drive_controller.cpp:64:21:[m[K [01;31m[Kerror: [m[Kno matching function for call to â€˜[01m[Kros::Publisher::publish()[m[Kâ€™
   64 |   pub_odom_.publish([01;31m[K)[m[K
      |                     [01;31m[K^[m[K
In file included from [01m[K/opt/ros/noetic/include/ros/node_handle.h:32[m[K,
                 from [01m[K/opt/ros/noetic/include/controller_interface/controller_base.h:35[m[K,
                 from [01m[K/opt/ros/noetic/include/controller_interface/controller.h:35[m[K,
                 from [01m[K/home/asus/Ros/robot_ws/src/robot_core/robot_drive_controller/include/robot_drive_controller/robot_drive_controller.h:2[m[K,
                 from [01m[K/home/asus/Ros/robot_ws/src/robot_core/robot_drive_controller/src/robot_drive_controller.cpp:2[m[K:
[01m[K/opt/ros/noetic/include/ros/publisher.h:65:12:[m[K [01;36m[Knote: [m[Kcandidate: â€˜[01m[Ktemplate<class M> void ros::Publisher::publish(const boost::shared_ptr<X>&) const[m[Kâ€™
   65 |       void [01;36m[Kpublish[m[K(const boost::shared_ptr<M>& message) const
      |            [01;36m[K^~~~~~~[m[K
[01m[K/opt/ros/noetic/include/ros/publisher.h:65:12:[m[K [01;36m[Knote: [m[K  template argument deduction/substitution failed:
[01m[K/home/asus/Ros/robot_ws/src/robot_core/robot_drive_controller/src/robot_drive_controller.cpp:64:21:[m[K [01;36m[Knote: [m[K  candidate expects 1 argument, 0 provided
   64 |   pub_odom_.publish([01;36m[K)[m[K
      |                     [01;36m[K^[m[K
In file included from [01m[K/opt/ros/noetic/include/ros/node_handle.h:32[m[K,
                 from [01m[K/opt/ros/noetic/include/controller_interface/controller_base.h:35[m[K,
                 from [01m[K/opt/ros/noetic/include/controller_interface/controller.h:35[m[K,
                 from [01m[K/home/asus/Ros/robot_ws/src/robot_core/robot_drive_controller/include/robot_drive_controller/robot_drive_controller.h:2[m[K,
                 from [01m[K/home/asus/Ros/robot_ws/src/robot_core/robot_drive_controller/src/robot_drive_controller.cpp:2[m[K:
[01m[K/opt/ros/noetic/include/ros/publisher.h:100:12:[m[K [01;36m[Knote: [m[Kcandidate: â€˜[01m[Ktemplate<class M> void ros::Publisher::publish(const M&) const[m[Kâ€™
  100 |       void [01;36m[Kpublish[m[K(const M& message) const
      |            [01;36m[K^~~~~~~[m[K
[01m[K/opt/ros/noetic/include/ros/publisher.h:100:12:[m[K [01;36m[Knote: [m[K  template argument deduction/substitution failed:
[01m[K/home/asus/Ros/robot_ws/src/robot_core/robot_drive_controller/src/robot_drive_controller.cpp:64:21:[m[K [01;36m[Knote: [m[K  candidate expects 1 argument, 0 provided
   64 |   pub_odom_.publish([01;36m[K)[m[K
      |                     [01;36m[K^[m[K
In file included from [01m[K/opt/ros/noetic/include/ros/node_handle.h:32[m[K,
                 from [01m[K/opt/ros/noetic/include/controller_interface/controller_base.h:35[m[K,
                 from [01m[K/opt/ros/noetic/include/controller_interface/controller.h:35[m[K,
                 from [01m[K/home/asus/Ros/robot_ws/src/robot_core/robot_drive_controller/include/robot_drive_controller/robot_drive_controller.h:2[m[K,
                 from [01m[K/home/asus/Ros/robot_ws/src/robot_core/robot_drive_controller/src/robot_drive_controller.cpp:2[m[K:
[01m[K/opt/ros/noetic/include/ros/publisher.h:183:10:[m[K [01;36m[Knote: [m[Kcandidate: â€˜[01m[Kvoid ros::Publisher::publish(const boost::function<ros::SerializedMessage()>&, ros::SerializedMessage&) const[m[Kâ€™
  183 |     void [01;36m[Kpublish[m[K(const boost::function<SerializedMessage(void)>& serfunc, SerializedMessage& m) const;
      |          [01;36m[K^~~~~~~[m[K
[01m[K/opt/ros/noetic/include/ros/publisher.h:183:10:[m[K [01;36m[Knote: [m[K  candidate expects 2 arguments, 0 provided
make[2]: *** [CMakeFiles/robot_drive_controller.dir/build.make:63: CMakeFiles/robot_drive_controller.dir/src/robot_drive_controller.cpp.o] Error 1
make[1]: *** [CMakeFiles/Makefile2:592: CMakeFiles/robot_drive_controller.dir/all] Error 2
make: *** [Makefile:141: all] Error 2
