[01m[K/home/asus/Ros/robot_ws/src/robot_core/robot_drive_controller/src/odometry.cpp:[m[K In member function â€˜[01m[Kvoid robot_drive_controller::Odometry::computePositionAndOrientation(double, double, double)[m[Kâ€™:
[01m[K/home/asus/Ros/robot_ws/src/robot_core/robot_drive_controller/src/odometry.cpp:29:26:[m[K [01;31m[Kerror: [m[Kâ€˜[01m[Kdt[m[Kâ€™ was not declared in this scope; did you mean â€˜[01m[Klt[m[Kâ€™?
   29 |   const double vr = lr / [01;31m[Kdt[m[K;
      |                          [01;31m[K^~[m[K
      |                          [32m[Klt[m[K
make[2]: *** [CMakeFiles/robot_drive_controller.dir/build.make:76: CMakeFiles/robot_drive_controller.dir/src/odometry.cpp.o] Error 1
make[2]: *** Waiting for unfinished jobs....
make[1]: *** [CMakeFiles/Makefile2:592: CMakeFiles/robot_drive_controller.dir/all] Error 2
make: *** [Makefile:141: all] Error 2
