In file included from [01m[K/home/asus/Ros/robot_ws/src/robot_core/robot_drive_controller/src/odometry.cpp:1[m[K:
[01m[K/home/asus/Ros/robot_ws/src/robot_core/robot_drive_controller/include/robot_drive_controller/odometry.h:19:44:[m[K [01;31m[Kerror: [m[Kâ€˜[01m[Kros[m[Kâ€™ does not name a type
   19 |                                      const [01;31m[Kros[m[K::Time &time);
      |                                            [01;31m[K^~~[m[K
[01m[K/home/asus/Ros/robot_ws/src/robot_core/robot_drive_controller/include/robot_drive_controller/odometry.h:19:54:[m[K [01;31m[Kerror: [m[Kexpected unqualified-id before â€˜[01m[K&[m[Kâ€™ token
   19 |                                      const ros::Time [01;31m[K&[m[Ktime);
      |                                                      [01;31m[K^[m[K
[01m[K/home/asus/Ros/robot_ws/src/robot_core/robot_drive_controller/include/robot_drive_controller/odometry.h:19:53:[m[K [01;31m[Kerror: [m[Kexpected â€˜[01m[K)[m[Kâ€™ before â€˜[01m[K&[m[Kâ€™ token
   19 |                                      const ros::Time[01;31m[K [m[K[32m[K&[m[Ktime);
      |                                                     [01;31m[K^[m[K[32m[K~[m[K
      |                                                     [32m[K)[m[K
[01m[K/home/asus/Ros/robot_ws/src/robot_core/robot_drive_controller/include/robot_drive_controller/odometry.h:17:37:[m[K [01;36m[Knote: [m[Kto match this â€˜[01m[K([m[Kâ€™
   17 |   void computePositionAndOrientation[01;36m[K([m[Kconst double right_wheel_pos,
      |                                     [01;36m[K^[m[K
[01m[K/home/asus/Ros/robot_ws/src/robot_core/robot_drive_controller/include/robot_drive_controller/odometry.h:19:54:[m[K [01;31m[Kerror: [m[Kexpected â€˜[01m[K;[m[Kâ€™ at end of member declaration
   19 |                                      const ros::Time [01;31m[K&[m[Ktime);
      |                                                      [01;31m[K^[m[K
      |                                                       [32m[K;[m[K
[01m[K/home/asus/Ros/robot_ws/src/robot_core/robot_drive_controller/include/robot_drive_controller/odometry.h:19:55:[m[K [01;31m[Kerror: [m[Kâ€˜[01m[Ktime[m[Kâ€™ does not name a type
   19 |                                      const ros::Time &[01;31m[Ktime[m[K);
      |                                                       [01;31m[K^~~~[m[K
[01m[K/home/asus/Ros/robot_ws/src/robot_core/robot_drive_controller/include/robot_drive_controller/odometry.h:37:3:[m[K [01;31m[Kerror: [m[Kâ€˜[01m[Kros[m[Kâ€™ does not name a type
   37 |   [01;31m[Kros[m[K::Time timestamp_prev_;
      |   [01;31m[K^~~[m[K
[01m[K/home/asus/Ros/robot_ws/src/robot_core/robot_drive_controller/src/odometry.cpp:12:6:[m[K [01;31m[Kerror: [m[Kno declaration matches â€˜[01m[Kvoid robot_drive_controller::Odometry::computePositionAndOrientation(double, double, const ros::Time&)[m[Kâ€™
   12 | void [01;31m[KOdometry[m[K::computePositionAndOrientation(const double left_wheel_pos,
      |      [01;31m[K^~~~~~~~[m[K
In file included from [01m[K/home/asus/Ros/robot_ws/src/robot_core/robot_drive_controller/src/odometry.cpp:1[m[K:
[01m[K/home/asus/Ros/robot_ws/src/robot_core/robot_drive_controller/include/robot_drive_controller/odometry.h:17:8:[m[K [01;36m[Knote: [m[Kcandidate is: â€˜[01m[Kvoid robot_drive_controller::Odometry::computePositionAndOrientation(...) &[m[Kâ€™
   17 |   void [01;36m[KcomputePositionAndOrientation[m[K(const double right_wheel_pos,
      |        [01;36m[K^~~~~~~~~~~~~~~~~~~~~~~~~~~~~[m[K
[01m[K/home/asus/Ros/robot_ws/src/robot_core/robot_drive_controller/include/robot_drive_controller/odometry.h:4:7:[m[K [01;36m[Knote: [m[Kâ€˜[01m[Kclass robot_drive_controller::Odometry[m[Kâ€™ defined here
    4 | class [01;36m[KOdometry[m[K {
      |       [01;36m[K^~~~~~~~[m[K
make[2]: *** [CMakeFiles/robot_drive_controller.dir/build.make:76: CMakeFiles/robot_drive_controller.dir/src/odometry.cpp.o] Error 1
make[1]: *** [CMakeFiles/Makefile2:592: CMakeFiles/robot_drive_controller.dir/all] Error 2
make: *** [Makefile:141: all] Error 2
