[35m[1mScanning dependencies of target robot_drive_controller[0m
[ 66%] [32mBuilding CXX object CMakeFiles/robot_drive_controller.dir/src/robot_drive_controller.cpp.o[0m
[ 66%] [32mBuilding CXX object CMakeFiles/robot_drive_controller.dir/src/odometry.cpp.o[0m
[01m[K/home/asus/Ros/robot_ws/src/robot_core/robot_drive_controller/src/robot_drive_controller.cpp:[m[K In member function â€˜[01m[Kvirtual void robot_drive_controller::RobotDriveController::update(const ros::Time&, const ros::Duration&)[m[Kâ€™:
[01m[K/home/asus/Ros/robot_ws/src/robot_core/robot_drive_controller/src/robot_drive_controller.cpp:64:46:[m[K [01;31m[Kerror: [m[Kno matching function for call to â€˜[01m[Krobot_drive_controller::Odometry::getOdomMessage()[m[Kâ€™
   64 |   pub_odom_.publish(odometry_.getOdomMessage([01;31m[K)[m[K)
      |                                              [01;31m[K^[m[K
In file included from [01m[K/home/asus/Ros/robot_ws/src/robot_core/robot_drive_controller/include/robot_drive_controller/robot_drive_controller.h:5[m[K,
                 from [01m[K/home/asus/Ros/robot_ws/src/robot_core/robot_drive_controller/src/robot_drive_controller.cpp:2[m[K:
[01m[K/home/asus/Ros/robot_ws/src/robot_core/robot_drive_controller/include/robot_drive_controller/odometry.h:23:22:[m[K [01;36m[Knote: [m[Kcandidate: â€˜[01m[Knav_msgs::Odometry robot_drive_controller::Odometry::getOdomMessage(std::string, std::string, const ros::Time&)[m[Kâ€™
   23 |   nav_msgs::Odometry [01;36m[KgetOdomMessage[m[K(const std::string base_frame,
      |                      [01;36m[K^~~~~~~~~~~~~~[m[K
[01m[K/home/asus/Ros/robot_ws/src/robot_core/robot_drive_controller/include/robot_drive_controller/odometry.h:23:22:[m[K [01;36m[Knote: [m[K  candidate expects 3 arguments, 0 provided
make[2]: *** [CMakeFiles/robot_drive_controller.dir/build.make:63: CMakeFiles/robot_drive_controller.dir/src/robot_drive_controller.cpp.o] Error 1
make[1]: *** [CMakeFiles/Makefile2:592: CMakeFiles/robot_drive_controller.dir/all] Error 2
make: *** [Makefile:141: all] Error 2
